<?xml version="1.0" encoding="UTF-8"?>
<testng-results ignored="0" total="2" passed="2" failed="0" skipped="0">
  <reporter-output>
    <line>
      <![CDATA[reading data from excel row is ]]>
    </line>
    <line>
      <![CDATA[data ishttps://neostox.com/]]>
    </line>
    <line>
      <![CDATA[waiting for1000ms]]>
    </line>
    <line>
      <![CDATA[Launching browser]]>
    </line>
    <line>
      <![CDATA[Clicking on signin button]]>
    </line>
    <line>
      <![CDATA[waiting for1000ms]]>
    </line>
    <line>
      <![CDATA[reading data from excel row is ]]>
    </line>
    <line>
      <![CDATA[data is7721819403]]>
    </line>
    <line>
      <![CDATA[entering mobile number]]>
    </line>
    <line>
      <![CDATA[click on sign in]]>
    </line>
    <line>
      <![CDATA[waiting for1000ms]]>
    </line>
    <line>
      <![CDATA[reading data from excel row is ]]>
    </line>
    <line>
      <![CDATA[data is2023]]>
    </line>
    <line>
      <![CDATA[entering password]]>
    </line>
    <line>
      <![CDATA[Clicking on submit button]]>
    </line>
    <line>
      <![CDATA[waiting for1000ms]]>
    </line>
    <line>
      <![CDATA[scrolling into view toOK]]>
    </line>
    <line>
      <![CDATA[clickingon popUp Ok button]]>
    </line>
    <line>
      <![CDATA[waiting for1000ms]]>
    </line>
    <line>
      <![CDATA[getting account balence]]>
    </line>
    <line>
      <![CDATA[account balence isRs.5,00,000.00]]>
    </line>
    <line>
      <![CDATA[reading data from excel row is ]]>
    </line>
    <line>
      <![CDATA[data is5647]]>
    </line>
    <line>
      <![CDATA[taking screenshot]]>
    </line>
    <line>
      <![CDATA[screenshot taken and saved atC:\Users\hp\Desktop\crdriver\screenshots\5647E3.png]]>
    </line>
    <line>
      <![CDATA[TC validateAccountBalencepassed]]>
    </line>
    <line>
      <![CDATA[logging out from neoStox]]>
    </line>
    <line>
      <![CDATA[Clicking on signin button]]>
    </line>
    <line>
      <![CDATA[waiting for1000ms]]>
    </line>
    <line>
      <![CDATA[reading data from excel row is ]]>
    </line>
    <line>
      <![CDATA[data is7721819403]]>
    </line>
    <line>
      <![CDATA[entering mobile number]]>
    </line>
    <line>
      <![CDATA[click on sign in]]>
    </line>
    <line>
      <![CDATA[waiting for1000ms]]>
    </line>
    <line>
      <![CDATA[reading data from excel row is ]]>
    </line>
    <line>
      <![CDATA[data is2023]]>
    </line>
    <line>
      <![CDATA[entering password]]>
    </line>
    <line>
      <![CDATA[Clicking on submit button]]>
    </line>
    <line>
      <![CDATA[waiting for1000ms]]>
    </line>
    <line>
      <![CDATA[there is no popUp]]>
    </line>
    <line>
      <![CDATA[waiting for1000ms]]>
    </line>
    <line>
      <![CDATA[getting actual user name]]>
    </line>
    <line>
      <![CDATA[ actual user name is-->Hi sangram pawar]]>
    </line>
    <line>
      <![CDATA[reading data from excel row is ]]>
    </line>
    <line>
      <![CDATA[data isHi sangram pawar]]>
    </line>
    <line>
      <![CDATA[reading data from excel row is ]]>
    </line>
    <line>
      <![CDATA[data is1234]]>
    </line>
    <line>
      <![CDATA[taking screenshot]]>
    </line>
    <line>
      <![CDATA[screenshot taken and saved atC:\Users\hp\Desktop\crdriver\screenshots\1234XY.png]]>
    </line>
    <line>
      <![CDATA[TC validateUserNamepassed]]>
    </line>
    <line>
      <![CDATA[logging out from neoStox]]>
    </line>
    <line>
      <![CDATA[closing the application]]>
    </line>
  </reporter-output>
  <suite started-at="2023-02-13T13:38:43 IST" name="Suite" finished-at="2023-02-13T13:40:11 IST" duration-ms="87949">
    <groups>
    </groups>
    <test started-at="2023-02-13T13:38:43 IST" name="Test" finished-at="2023-02-13T13:40:11 IST" duration-ms="87949">
      <class name="NeostoxTestClasses.ValidateNeostoxUsername">
        <test-method is-config="true" signature="LaunchNeoStoxApp()[pri:0, instance:NeostoxTestClasses.ValidateNeostoxUsername@f09733f]" started-at="2023-02-13T13:38:43 IST" name="LaunchNeoStoxApp" finished-at="2023-02-13T13:38:57 IST" duration-ms="13741" status="PASS">
          <reporter-output>
            <line>
              <![CDATA[reading data from excel row is ]]>
            </line>
            <line>
              <![CDATA[data ishttps://neostox.com/]]>
            </line>
            <line>
              <![CDATA[waiting for1000ms]]>
            </line>
            <line>
              <![CDATA[Launching browser]]>
            </line>
          </reporter-output>
        </test-method> <!-- LaunchNeoStoxApp -->
        <test-method is-config="true" signature="logInToNeoStoxreClass()[pri:0, instance:NeostoxTestClasses.ValidateNeostoxUsername@f09733f]" started-at="2023-02-13T13:38:57 IST" name="logInToNeoStoxreClass" finished-at="2023-02-13T13:39:16 IST" duration-ms="19654" status="PASS">
          <reporter-output>
            <line>
              <![CDATA[Clicking on signin button]]>
            </line>
            <line>
              <![CDATA[waiting for1000ms]]>
            </line>
            <line>
              <![CDATA[reading data from excel row is ]]>
            </line>
            <line>
              <![CDATA[data is7721819403]]>
            </line>
            <line>
              <![CDATA[entering mobile number]]>
            </line>
            <line>
              <![CDATA[click on sign in]]>
            </line>
            <line>
              <![CDATA[waiting for1000ms]]>
            </line>
            <line>
              <![CDATA[reading data from excel row is ]]>
            </line>
            <line>
              <![CDATA[data is2023]]>
            </line>
            <line>
              <![CDATA[entering password]]>
            </line>
            <line>
              <![CDATA[Clicking on submit button]]>
            </line>
            <line>
              <![CDATA[waiting for1000ms]]>
            </line>
            <line>
              <![CDATA[scrolling into view toOK]]>
            </line>
            <line>
              <![CDATA[clickingon popUp Ok button]]>
            </line>
            <line>
              <![CDATA[waiting for1000ms]]>
            </line>
          </reporter-output>
        </test-method> <!-- logInToNeoStoxreClass -->
        <test-method signature="validateAccountBalence()[pri:0, instance:NeostoxTestClasses.ValidateNeostoxUsername@f09733f]" started-at="2023-02-13T13:39:16 IST" name="validateAccountBalence" finished-at="2023-02-13T13:39:17 IST" duration-ms="487" status="PASS">
          <reporter-output>
            <line>
              <![CDATA[getting account balence]]>
            </line>
            <line>
              <![CDATA[account balence isRs.5,00,000.00]]>
            </line>
            <line>
              <![CDATA[reading data from excel row is ]]>
            </line>
            <line>
              <![CDATA[data is5647]]>
            </line>
            <line>
              <![CDATA[taking screenshot]]>
            </line>
            <line>
              <![CDATA[screenshot taken and saved atC:\Users\hp\Desktop\crdriver\screenshots\5647E3.png]]>
            </line>
            <line>
              <![CDATA[TC validateAccountBalencepassed]]>
            </line>
          </reporter-output>
        </test-method> <!-- validateAccountBalence -->
        <test-method is-config="true" signature="logOutFromNeoStox()[pri:0, instance:NeostoxTestClasses.ValidateNeostoxUsername@f09733f]" started-at="2023-02-13T13:39:17 IST" name="logOutFromNeoStox" finished-at="2023-02-13T13:39:23 IST" duration-ms="6352" status="PASS">
          <reporter-output>
            <line>
              <![CDATA[logging out from neoStox]]>
            </line>
          </reporter-output>
        </test-method> <!-- logOutFromNeoStox -->
        <test-method is-config="true" signature="logInToNeoStoxreClass()[pri:0, instance:NeostoxTestClasses.ValidateNeostoxUsername@f09733f]" started-at="2023-02-13T13:39:23 IST" name="logInToNeoStoxreClass" finished-at="2023-02-13T13:40:03 IST" duration-ms="39484" status="PASS">
          <reporter-output>
            <line>
              <![CDATA[Clicking on signin button]]>
            </line>
            <line>
              <![CDATA[waiting for1000ms]]>
            </line>
            <line>
              <![CDATA[reading data from excel row is ]]>
            </line>
            <line>
              <![CDATA[data is7721819403]]>
            </line>
            <line>
              <![CDATA[entering mobile number]]>
            </line>
            <line>
              <![CDATA[click on sign in]]>
            </line>
            <line>
              <![CDATA[waiting for1000ms]]>
            </line>
            <line>
              <![CDATA[reading data from excel row is ]]>
            </line>
            <line>
              <![CDATA[data is2023]]>
            </line>
            <line>
              <![CDATA[entering password]]>
            </line>
            <line>
              <![CDATA[Clicking on submit button]]>
            </line>
            <line>
              <![CDATA[waiting for1000ms]]>
            </line>
            <line>
              <![CDATA[there is no popUp]]>
            </line>
            <line>
              <![CDATA[waiting for1000ms]]>
            </line>
          </reporter-output>
        </test-method> <!-- logInToNeoStoxreClass -->
        <test-method signature="validateUserName()[pri:0, instance:NeostoxTestClasses.ValidateNeostoxUsername@f09733f]" started-at="2023-02-13T13:40:03 IST" name="validateUserName" finished-at="2023-02-13T13:40:03 IST" duration-ms="292" status="PASS">
          <reporter-output>
            <line>
              <![CDATA[getting actual user name]]>
            </line>
            <line>
              <![CDATA[ actual user name is-->Hi sangram pawar]]>
            </line>
            <line>
              <![CDATA[reading data from excel row is ]]>
            </line>
            <line>
              <![CDATA[data isHi sangram pawar]]>
            </line>
            <line>
              <![CDATA[reading data from excel row is ]]>
            </line>
            <line>
              <![CDATA[data is1234]]>
            </line>
            <line>
              <![CDATA[taking screenshot]]>
            </line>
            <line>
              <![CDATA[screenshot taken and saved atC:\Users\hp\Desktop\crdriver\screenshots\1234XY.png]]>
            </line>
            <line>
              <![CDATA[TC validateUserNamepassed]]>
            </line>
          </reporter-output>
        </test-method> <!-- validateUserName -->
        <test-method is-config="true" signature="logOutFromNeoStox()[pri:0, instance:NeostoxTestClasses.ValidateNeostoxUsername@f09733f]" started-at="2023-02-13T13:40:03 IST" name="logOutFromNeoStox" finished-at="2023-02-13T13:40:08 IST" duration-ms="5043" status="PASS">
          <reporter-output>
            <line>
              <![CDATA[logging out from neoStox]]>
            </line>
          </reporter-output>
        </test-method> <!-- logOutFromNeoStox -->
        <test-method is-config="true" signature="closeNeoStoxApp()[pri:0, instance:NeostoxTestClasses.ValidateNeostoxUsername@f09733f]" started-at="2023-02-13T13:40:08 IST" name="closeNeoStoxApp" finished-at="2023-02-13T13:40:11 IST" duration-ms="2719" status="PASS">
          <reporter-output>
            <line>
              <![CDATA[closing the application]]>
            </line>
          </reporter-output>
        </test-method> <!-- closeNeoStoxApp -->
      </class> <!-- NeostoxTestClasses.ValidateNeostoxUsername -->
    </test> <!-- Test -->
  </suite> <!-- Suite -->
</testng-results>
